<?xml version="1.0" encoding="UTF-8"?>
<!-- Generated by org.testng.reporters.JUnitXMLReporter -->
<testsuite ignored="0" hostname="DESKTOP-MNK2190" failures="6" tests="16" name="Rest Assured Tests" time="20.828" errors="0" timestamp="20 Aug 2021 11:44:01 GMT">
  <testcase classname="com.qa.Employee.GetEmployee" name="StatusCodeValidation" time="0.036">
    <failure type="java.lang.AssertionError" message="expected [200] but found [429]">
      <![CDATA[java.lang.AssertionError: expected [200] but found [429]
at com.qa.Employee.GetEmployee.StatusCodeValidation(GetEmployee.java:34)
... Removed 31 stack frames]]>
    </failure>
  </testcase> <!-- StatusCodeValidation -->
  <testcase classname="com.qa.Employee.GetEmployee" name="contentTypeValidation" time="0.007"/>
  <testcase classname="com.qa.Employee.GetEmployee" name="responseBodyValidation" time="0.124"/>
  <testcase classname="com.qa.Employee.GetEmployee" name="responseTimeValidation" time="0.008"/>
  <testcase classname="com.qa.Employee.EmployeePUT" name="StatusCodeValidation" time="0.002">
    <failure type="java.lang.AssertionError" message="expected [200] but found [429]">
      <![CDATA[java.lang.AssertionError: expected [200] but found [429]
at com.qa.Employee.EmployeePUT.StatusCodeValidation(EmployeePUT.java:46)
... Removed 31 stack frames]]>
    </failure>
  </testcase> <!-- StatusCodeValidation -->
  <testcase classname="com.qa.Employee.EmployeePUT" name="contentTypeValidation" time="0.002">
    <failure type="java.lang.AssertionError" message="expected [application/json] but found [text/html; charset=UTF-8]">
      <![CDATA[java.lang.AssertionError: expected [application/json] but found [text/html; charset=UTF-8]
at com.qa.Employee.EmployeePUT.contentTypeValidation(EmployeePUT.java:60)
... Removed 31 stack frames]]>
    </failure>
  </testcase> <!-- contentTypeValidation -->
  <testcase classname="com.qa.Employee.EmployeePUT" name="responseBodyValidation" time="0.003"/>
  <testcase classname="com.qa.Employee.EmployeePUT" name="responseTimeValidation" time="0.002"/>
  <testcase classname="com.qa.Employee.GetEmployee_1" name="StatusCodeValidation" time="0.002">
    <failure type="java.lang.AssertionError" message="expected [200] but found [429]">
      <![CDATA[java.lang.AssertionError: expected [200] but found [429]
at com.qa.Employee.GetEmployee_1.StatusCodeValidation(GetEmployee_1.java:34)
... Removed 31 stack frames]]>
    </failure>
  </testcase> <!-- StatusCodeValidation -->
  <testcase classname="com.qa.Employee.GetEmployee_1" name="contentTypeValidation" time="0.002"/>
  <testcase classname="com.qa.Employee.GetEmployee_1" name="responseBodyValidation" time="0.011"/>
  <testcase classname="com.qa.Employee.GetEmployee_1" name="responseTimeValidation" time="0.003"/>
  <testcase classname="com.qa.Employee.EmployeePOST" name="StatusCodeValidation" time="0.003">
    <failure type="java.lang.AssertionError" message="expected [200] but found [429]">
      <![CDATA[java.lang.AssertionError: expected [200] but found [429]
at com.qa.Employee.EmployeePOST.StatusCodeValidation(EmployeePOST.java:46)
... Removed 31 stack frames]]>
    </failure>
  </testcase> <!-- StatusCodeValidation -->
  <testcase classname="com.qa.Employee.EmployeePOST" name="contentTypeValidation" time="0.004">
    <failure type="java.lang.AssertionError" message="expected [application/json] but found [text/html; charset=UTF-8]">
      <![CDATA[java.lang.AssertionError: expected [application/json] but found [text/html; charset=UTF-8]
at com.qa.Employee.EmployeePOST.contentTypeValidation(EmployeePOST.java:60)
... Removed 31 stack frames]]>
    </failure>
  </testcase> <!-- contentTypeValidation -->
  <testcase classname="com.qa.Employee.EmployeePOST" name="responseBodyValidation" time="0.003"/>
  <testcase classname="com.qa.Employee.EmployeePOST" name="responseTimeValidation" time="0.002"/>
</testsuite> <!-- Rest Assured Tests -->
